::1 - - [10/Nov/2015:19:03:38 +0000] "GET / HTTP/1.1" 304 - "-" "Mozilla/5.0 (Macintosh; Intel Mac OS X 10_10_5) AppleWebKit/537.36 (KHTML, like Gecko) Chrome/46.0.2490.80 Safari/537.36"
::1 - - [10/Nov/2015:19:30:45 +0000] "GET / HTTP/1.1" 200 111 "-" "Mozilla/5.0 (Macintosh; Intel Mac OS X 10_10_5) AppleWebKit/537.36 (KHTML, like Gecko) Chrome/46.0.2490.80 Safari/537.36"
::1 - - [10/Nov/2015:19:30:51 +0000] "GET /1 HTTP/1.1" 200 31 "-" "Mozilla/5.0 (Macintosh; Intel Mac OS X 10_10_5) AppleWebKit/537.36 (KHTML, like Gecko) Chrome/46.0.2490.80 Safari/537.36"
::1 - - [10/Nov/2015:19:42:21 +0000] "GET / HTTP/1.1" 200 111 "-" "Mozilla/5.0 (Macintosh; Intel Mac OS X 10_10_5) AppleWebKit/537.36 (KHTML, like Gecko) Chrome/46.0.2490.80 Safari/537.36"
::1 - - [10/Nov/2015:19:43:10 +0000] "GET / HTTP/1.1" 200 44 "-" "Mozilla/5.0 (Macintosh; Intel Mac OS X 10_10_5) AppleWebKit/537.36 (KHTML, like Gecko) Chrome/46.0.2490.80 Safari/537.36"
::1 - - [10/Nov/2015:19:43:17 +0000] "GET /1 HTTP/1.1" 200 10 "-" "Mozilla/5.0 (Macintosh; Intel Mac OS X 10_10_5) AppleWebKit/537.36 (KHTML, like Gecko) Chrome/46.0.2490.80 Safari/537.36"
::1 - - [10/Nov/2015:19:43:20 +0000] "GET /0 HTTP/1.1" 200 33 "-" "Mozilla/5.0 (Macintosh; Intel Mac OS X 10_10_5) AppleWebKit/537.36 (KHTML, like Gecko) Chrome/46.0.2490.80 Safari/537.36"
::1 - - [10/Nov/2015:19:43:25 +0000] "GET /2 HTTP/1.1" 200 10 "-" "Mozilla/5.0 (Macintosh; Intel Mac OS X 10_10_5) AppleWebKit/537.36 (KHTML, like Gecko) Chrome/46.0.2490.80 Safari/537.36"
::1 - - [10/Nov/2015:19:43:27 +0000] "GET / HTTP/1.1" 200 44 "-" "Mozilla/5.0 (Macintosh; Intel Mac OS X 10_10_5) AppleWebKit/537.36 (KHTML, like Gecko) Chrome/46.0.2490.80 Safari/537.36"
::1 - - [10/Nov/2015:19:43:49 +0000] "GET / HTTP/1.1" 200 44 "-" "Mozilla/5.0 (Macintosh; Intel Mac OS X 10_10_5) AppleWebKit/537.36 (KHTML, like Gecko) Chrome/46.0.2490.80 Safari/537.36"
::1 - - [10/Nov/2015:19:51:36 +0000] "GET / HTTP/1.1" 200 21 "-" "Mozilla/5.0 (Macintosh; Intel Mac OS X 10_10_5) AppleWebKit/537.36 (KHTML, like Gecko) Chrome/46.0.2490.80 Safari/537.36"
::1 - - [10/Nov/2015:19:51:42 +0000] "GET / HTTP/1.1" 200 21 "-" "Mozilla/5.0 (Macintosh; Intel Mac OS X 10_10_5) AppleWebKit/537.36 (KHTML, like Gecko) Chrome/46.0.2490.80 Safari/537.36"
::1 - - [10/Nov/2015:20:02:05 +0000] "GET /users HTTP/1.1" 404 18 "-" "Mozilla/5.0 (Macintosh; Intel Mac OS X 10_10_5) AppleWebKit/537.36 (KHTML, like Gecko) Chrome/46.0.2490.80 Safari/537.36"
::1 - - [10/Nov/2015:20:03:18 +0000] "GET /users HTTP/1.1" 404 18 "-" "Mozilla/5.0 (Macintosh; Intel Mac OS X 10_10_5) AppleWebKit/537.36 (KHTML, like Gecko) Chrome/46.0.2490.80 Safari/537.36"
::1 - - [10/Nov/2015:20:03:34 +0000] "GET /users HTTP/1.1" 404 18 "-" "Mozilla/5.0 (Macintosh; Intel Mac OS X 10_10_5) AppleWebKit/537.36 (KHTML, like Gecko) Chrome/46.0.2490.80 Safari/537.36"
::1 - - [10/Nov/2015:20:03:39 +0000] "GET /users HTTP/1.1" 404 18 "-" "Mozilla/5.0 (Macintosh; Intel Mac OS X 10_10_5) AppleWebKit/537.36 (KHTML, like Gecko) Chrome/46.0.2490.80 Safari/537.36"
::1 - - [10/Nov/2015:20:03:49 +0000] "GET /users HTTP/1.1" 200 17 "-" "Mozilla/5.0 (Macintosh; Intel Mac OS X 10_10_5) AppleWebKit/537.36 (KHTML, like Gecko) Chrome/46.0.2490.80 Safari/537.36"
::1 - - [10/Nov/2015:20:03:52 +0000] "GET / HTTP/1.1" 404 13 "-" "Mozilla/5.0 (Macintosh; Intel Mac OS X 10_10_5) AppleWebKit/537.36 (KHTML, like Gecko) Chrome/46.0.2490.80 Safari/537.36"
::1 - - [10/Nov/2015:20:03:55 +0000] "GET /users HTTP/1.1" 304 - "-" "Mozilla/5.0 (Macintosh; Intel Mac OS X 10_10_5) AppleWebKit/537.36 (KHTML, like Gecko) Chrome/46.0.2490.80 Safari/537.36"
::1 - - [10/Nov/2015:20:04:26 +0000] "GET /users HTTP/1.1" 404 18 "-" "Mozilla/5.0 (Macintosh; Intel Mac OS X 10_10_5) AppleWebKit/537.36 (KHTML, like Gecko) Chrome/46.0.2490.80 Safari/537.36"
::1 - - [10/Nov/2015:20:04:32 +0000] "GET /users HTTP/1.1" 404 18 "-" "Mozilla/5.0 (Macintosh; Intel Mac OS X 10_10_5) AppleWebKit/537.36 (KHTML, like Gecko) Chrome/46.0.2490.80 Safari/537.36"
::1 - - [10/Nov/2015:20:04:40 +0000] "GET /users HTTP/1.1" 200 17 "-" "Mozilla/5.0 (Macintosh; Intel Mac OS X 10_10_5) AppleWebKit/537.36 (KHTML, like Gecko) Chrome/46.0.2490.80 Safari/537.36"
::1 - - [10/Nov/2015:20:04:46 +0000] "GET /users HTTP/1.1" 200 17 "-" "Mozilla/5.0 (Macintosh; Intel Mac OS X 10_10_5) AppleWebKit/537.36 (KHTML, like Gecko) Chrome/46.0.2490.80 Safari/537.36"
::1 - - [10/Nov/2015:20:07:17 +0000] "POST /users HTTP/1.1" 200 18 "-" "Mozilla/5.0 (Macintosh; Intel Mac OS X 10_10_5) AppleWebKit/537.36 (KHTML, like Gecko) Chrome/46.0.2490.80 Safari/537.36"
::1 - - [10/Nov/2015:20:07:21 +0000] "PUT /users HTTP/1.1" 200 20 "-" "Mozilla/5.0 (Macintosh; Intel Mac OS X 10_10_5) AppleWebKit/537.36 (KHTML, like Gecko) Chrome/46.0.2490.80 Safari/537.36"
::1 - - [10/Nov/2015:20:07:25 +0000] "DELETE /users HTTP/1.1" 200 18 "-" "Mozilla/5.0 (Macintosh; Intel Mac OS X 10_10_5) AppleWebKit/537.36 (KHTML, like Gecko) Chrome/46.0.2490.80 Safari/537.36"
::1 - - [10/Nov/2015:20:07:28 +0000] "GET /users HTTP/1.1" 200 17 "-" "Mozilla/5.0 (Macintosh; Intel Mac OS X 10_10_5) AppleWebKit/537.36 (KHTML, like Gecko) Chrome/46.0.2490.80 Safari/537.36"
::1 - - [10/Nov/2015:20:13:18 +0000] "POST /users HTTP/1.1" 200 32 "-" "Mozilla/5.0 (Macintosh; Intel Mac OS X 10_10_5) AppleWebKit/537.36 (KHTML, like Gecko) Chrome/46.0.2490.80 Safari/537.36"
::1 - - [10/Nov/2015:20:13:58 +0000] "POST /users HTTP/1.1" 200 32 "-" "Mozilla/5.0 (Macintosh; Intel Mac OS X 10_10_5) AppleWebKit/537.36 (KHTML, like Gecko) Chrome/46.0.2490.80 Safari/537.36"
::1 - - [10/Nov/2015:20:14:02 +0000] "PUT /users HTTP/1.1" 200 34 "-" "Mozilla/5.0 (Macintosh; Intel Mac OS X 10_10_5) AppleWebKit/537.36 (KHTML, like Gecko) Chrome/46.0.2490.80 Safari/537.36"
::1 - - [10/Nov/2015:20:14:06 +0000] "DELETE /users HTTP/1.1" 200 32 "-" "Mozilla/5.0 (Macintosh; Intel Mac OS X 10_10_5) AppleWebKit/537.36 (KHTML, like Gecko) Chrome/46.0.2490.80 Safari/537.36"
::1 - - [10/Nov/2015:20:14:09 +0000] "GET /users HTTP/1.1" 200 31 "-" "Mozilla/5.0 (Macintosh; Intel Mac OS X 10_10_5) AppleWebKit/537.36 (KHTML, like Gecko) Chrome/46.0.2490.80 Safari/537.36"
::1 - - [10/Nov/2015:20:14:14 +0000] "DELETE /users HTTP/1.1" 200 32 "-" "Mozilla/5.0 (Macintosh; Intel Mac OS X 10_10_5) AppleWebKit/537.36 (KHTML, like Gecko) Chrome/46.0.2490.80 Safari/537.36"
::1 - - [10/Nov/2015:20:14:17 +0000] "PUT /users HTTP/1.1" 200 34 "-" "Mozilla/5.0 (Macintosh; Intel Mac OS X 10_10_5) AppleWebKit/537.36 (KHTML, like Gecko) Chrome/46.0.2490.80 Safari/537.36"
::1 - - [10/Nov/2015:20:14:21 +0000] "POST /users HTTP/1.1" 200 32 "-" "Mozilla/5.0 (Macintosh; Intel Mac OS X 10_10_5) AppleWebKit/537.36 (KHTML, like Gecko) Chrome/46.0.2490.80 Safari/537.36"
::1 - - [10/Nov/2015:20:14:24 +0000] "GET /users HTTP/1.1" 200 31 "-" "Mozilla/5.0 (Macintosh; Intel Mac OS X 10_10_5) AppleWebKit/537.36 (KHTML, like Gecko) Chrome/46.0.2490.80 Safari/537.36"
::1 - - [10/Nov/2015:20:15:36 +0000] "GET /users HTTP/1.1" 200 31 "-" "Mozilla/5.0 (Macintosh; Intel Mac OS X 10_10_5) AppleWebKit/537.36 (KHTML, like Gecko) Chrome/46.0.2490.80 Safari/537.36"
::1 - - [10/Nov/2015:20:21:21 +0000] "GET /users/users HTTP/1.1" 200 31 "-" "Mozilla/5.0 (Macintosh; Intel Mac OS X 10_10_5) AppleWebKit/537.36 (KHTML, like Gecko) Chrome/46.0.2490.80 Safari/537.36"
::1 - - [10/Nov/2015:20:24:01 +0000] "GET /users HTTP/1.1" 304 - "-" "Mozilla/5.0 (Macintosh; Intel Mac OS X 10_10_5) AppleWebKit/537.36 (KHTML, like Gecko) Chrome/46.0.2490.80 Safari/537.36"
::1 - - [10/Nov/2015:20:24:04 +0000] "GET /products HTTP/1.1" 200 34 "-" "Mozilla/5.0 (Macintosh; Intel Mac OS X 10_10_5) AppleWebKit/537.36 (KHTML, like Gecko) Chrome/46.0.2490.80 Safari/537.36"
::1 - - [10/Nov/2015:20:24:06 +0000] "GET / HTTP/1.1" 200 21 "-" "Mozilla/5.0 (Macintosh; Intel Mac OS X 10_10_5) AppleWebKit/537.36 (KHTML, like Gecko) Chrome/46.0.2490.80 Safari/537.36"
::1 - - [10/Nov/2015:20:24:24 +0000] "GET / HTTP/1.1" 200 35 "-" "Mozilla/5.0 (Macintosh; Intel Mac OS X 10_10_5) AppleWebKit/537.36 (KHTML, like Gecko) Chrome/46.0.2490.80 Safari/537.36"
::1 - - [10/Nov/2015:20:24:27 +0000] "GET /users HTTP/1.1" 304 - "-" "Mozilla/5.0 (Macintosh; Intel Mac OS X 10_10_5) AppleWebKit/537.36 (KHTML, like Gecko) Chrome/46.0.2490.80 Safari/537.36"
::1 - - [10/Nov/2015:20:24:30 +0000] "GET /products HTTP/1.1" 304 - "-" "Mozilla/5.0 (Macintosh; Intel Mac OS X 10_10_5) AppleWebKit/537.36 (KHTML, like Gecko) Chrome/46.0.2490.80 Safari/537.36"
::1 - - [10/Nov/2015:20:24:42 +0000] "GET /products HTTP/1.1" 200 34 "-" "Mozilla/5.0 (Macintosh; Intel Mac OS X 10_10_5) AppleWebKit/537.36 (KHTML, like Gecko) Chrome/46.0.2490.80 Safari/537.36"
::1 - - [10/Nov/2015:20:24:46 +0000] "POST /products HTTP/1.1" 200 35 "-" "Mozilla/5.0 (Macintosh; Intel Mac OS X 10_10_5) AppleWebKit/537.36 (KHTML, like Gecko) Chrome/46.0.2490.80 Safari/537.36"
::1 - - [10/Nov/2015:20:24:49 +0000] "PUT /products HTTP/1.1" 200 37 "-" "Mozilla/5.0 (Macintosh; Intel Mac OS X 10_10_5) AppleWebKit/537.36 (KHTML, like Gecko) Chrome/46.0.2490.80 Safari/537.36"
::1 - - [10/Nov/2015:20:24:52 +0000] "DELETE /products HTTP/1.1" 200 35 "-" "Mozilla/5.0 (Macintosh; Intel Mac OS X 10_10_5) AppleWebKit/537.36 (KHTML, like Gecko) Chrome/46.0.2490.80 Safari/537.36"
::1 - - [10/Nov/2015:20:24:56 +0000] "GET /products HTTP/1.1" 200 34 "-" "Mozilla/5.0 (Macintosh; Intel Mac OS X 10_10_5) AppleWebKit/537.36 (KHTML, like Gecko) Chrome/46.0.2490.80 Safari/537.36"
